<?xml version="1.0" encoding="UTF-8"?>
<!-- Generated by org.testng.reporters.JUnitReportReporter -->
<testsuite skipped="0" hostname="Panthak-PC" name="TestCases.Test4" tests="1" failures="0" timestamp="20 Aug 2023 01:34:20 GMT" time="1.211" errors="0">
  <testcase name="verifyButtons" time="1.211" classname="TestCases.Test4"/>
</testsuite> <!-- TestCases.Test4 -->
