<?xml version="1.0" encoding="UTF-8"?>
<!-- Generated by org.testng.reporters.JUnitReportReporter -->
<testsuite skipped="0" hostname="Panthak-PC" name="TestCases.Test1" tests="2" failures="0" timestamp="21 Aug 2023 15:14:38 GMT" time="1.543" errors="0">
  <testcase name="loginValidations" time="1.335" classname="TestCases.Test1"/>
  <testcase name="loginFormVisibility" time="0.208" classname="TestCases.Test1"/>
</testsuite> <!-- TestCases.Test1 -->
