<?xml version="1.0" encoding="UTF-8"?>
<!-- Generated by org.testng.reporters.JUnitReportReporter -->
<testsuite skipped="0" hostname="Panthak-PC" name="TestCases.Test2" tests="1" failures="0" timestamp="21 Aug 2023 15:14:38 GMT" time="0.191" errors="0">
  <testcase name="listGroupValidations" time="0.191" classname="TestCases.Test2"/>
</testsuite> <!-- TestCases.Test2 -->
