<?xml version="1.0" encoding="UTF-8"?>
<!-- Generated by org.testng.reporters.JUnitReportReporter -->
<testsuite skipped="0" hostname="Panthak-PC" name="TestCases.Test6" tests="1" failures="0" timestamp="21 Aug 2023 15:14:38 GMT" time="1.207" errors="0">
  <testcase name="findAndVerifyTableCellValue" time="1.207" classname="TestCases.Test6"/>
</testsuite> <!-- TestCases.Test6 -->
