<?xml version="1.0" encoding="UTF-8"?>
<!-- Generated by org.testng.reporters.JUnitReportReporter -->
<testsuite skipped="0" hostname="Panthak-PC" name="ResolverPackage.BrowserSelection" tests="1" failures="0" timestamp="17 Aug 2023 18:46:03 GMT" time="2.927" errors="0">
  <testcase name="selectBrowser" time="2.927" classname="ResolverPackage.BrowserSelection"/>
</testsuite> <!-- ResolverPackage.BrowserSelection -->
