<?xml version="1.0" encoding="UTF-8"?>
<!-- Generated by org.testng.reporters.JUnitReportReporter -->
<testsuite skipped="0" hostname="Panthak-PC" name="TestCases.Test3" tests="2" failures="0" timestamp="21 Aug 2023 15:14:38 GMT" time="1.342" errors="0">
  <testcase name="selectLOVvalue" time="0.204" classname="TestCases.Test3"/>
  <testcase name="verifyDefaultLovValue" time="1.138" classname="TestCases.Test3"/>
</testsuite> <!-- TestCases.Test3 -->
