<?xml version="1.0" encoding="UTF-8"?>
<!-- Generated by org.testng.reporters.JUnitReportReporter -->
<testsuite skipped="0" hostname="Panthak-PC" name="TestCases.Test3" tests="2" failures="0" timestamp="20 Aug 2023 01:34:20 GMT" time="1.385" errors="0">
  <testcase name="verifyDefaultLovValue" time="1.168" classname="TestCases.Test3"/>
  <testcase name="selectLOVvalue" time="0.217" classname="TestCases.Test3"/>
</testsuite> <!-- TestCases.Test3 -->
