<?xml version="1.0" encoding="UTF-8"?>
<!-- Generated by org.testng.reporters.JUnitReportReporter -->
<testsuite skipped="0" hostname="Panthak-PC" name="TestCases.Test5" tests="1" failures="0" timestamp="20 Aug 2023 01:34:20 GMT" time="6.475" errors="0">
  <testcase name="delayedButtonValidation" time="6.475" classname="TestCases.Test5"/>
</testsuite> <!-- TestCases.Test5 -->
