<?xml version="1.0" encoding="UTF-8"?>
<!-- Generated by org.testng.reporters.JUnitReportReporter -->
<testsuite skipped="0" hostname="Panthak-PC" name="TestCases.Test6" tests="1" failures="0" timestamp="20 Aug 2023 01:34:20 GMT" time="1.224" errors="0">
  <testcase name="findAndVerifyTableCellValue" time="1.224" classname="TestCases.Test6"/>
</testsuite> <!-- TestCases.Test6 -->
