<?xml version="1.0" encoding="UTF-8"?>
<!-- Generated by org.testng.reporters.JUnitReportReporter -->
<testsuite skipped="0" hostname="Panthak-PC" name="ResolverPackage.Test1" tests="3" failures="0" timestamp="17 Aug 2023 22:29:37 GMT" time="4.815" errors="0">
  <testcase name="openBrowser" time="1.465" classname="ResolverPackage.Test1"/>
  <testcase name="UseCase1_emptyCredentials" time="2.640" classname="ResolverPackage.Test1"/>
  <testcase name="closeBrowser" time="0.710" classname="ResolverPackage.Test1"/>
</testsuite> <!-- ResolverPackage.Test1 -->
