<?xml version="1.0" encoding="UTF-8"?>
<!-- Generated by org.testng.reporters.JUnitReportReporter -->
<testsuite skipped="0" hostname="Panthak-PC" name="TestCases.Test1" tests="2" failures="0" timestamp="20 Aug 2023 01:53:09 GMT" time="1.781" errors="0">
  <testcase name="loginFormVisibility" time="0.213" classname="TestCases.Test1"/>
  <testcase name="loginValidations" time="1.568" classname="TestCases.Test1"/>
</testsuite> <!-- TestCases.Test1 -->
