<?xml version="1.0" encoding="UTF-8"?>
<!-- Generated by org.testng.reporters.JUnitReportReporter -->
<testsuite skipped="0" hostname="Panthak-PC" name="TestBase.TestSetup" tests="2" failures="0" timestamp="17 Aug 2023 20:20:22 GMT" time="2.859" errors="0">
  <testcase name="openBrowser" time="2.240" classname="TestBase.TestSetup"/>
  <testcase name="closeBrowser" time="0.619" classname="TestBase.TestSetup"/>
</testsuite> <!-- TestBase.TestSetup -->
